"QUERY PLAN"
"Finalize Aggregate  (cost=157570.67..157570.68 rows=1 width=32)"
"  ->  Gather  (cost=157570.43..157570.64 rows=2 width=64)"
"        Workers Planned: 2"
"        ->  Partial Aggregate  (cost=156570.43..156570.44 rows=1 width=64)"
"              ->  Parallel Hash Join  (cost=5972.00..156058.61 rows=29247 width=33)"
"                    Hash Cond: (lineitem.l_partkey = part.p_partkey)"
"                    ->  Parallel Seq Scan on lineitem  (cost=0.00..150009.84 rows=29247 width=16)"
"                          Filter: ((l_shipdate >= '1995-09-01'::date) AND (l_shipdate < '1995-10-01 00:00:00'::timestamp without time zone))"
"                    ->  Parallel Hash  (cost=4930.33..4930.33 rows=83333 width=25)"
"                          ->  Parallel Seq Scan on part  (cost=0.00..4930.33 rows=83333 width=25)"
