"QUERY PLAN"
"Sort  (cost=43587.91..43588.33 rows=170 width=136)"
"  Sort Key: (sum((lineitem.l_extendedprice * ('1'::numeric - lineitem.l_discount)))) DESC"
"  ->  Finalize GroupAggregate  (cost=43555.11..43581.61 rows=170 width=136)"
"        Group Key: nation.n_name"
"        ->  Gather Merge  (cost=43555.11..43578.14 rows=180 width=136)"
"              Workers Planned: 2"
"              ->  Partial GroupAggregate  (cost=42555.09..42557.34 rows=90 width=136)"
"                    Group Key: nation.n_name"
"                    ->  Sort  (cost=42555.09..42555.31 rows=90 width=116)"
"                          Sort Key: nation.n_name"
"                          ->  Hash Join  (cost=4949.39..42552.16 rows=90 width=116)"
"                                Hash Cond: ((lineitem.l_suppkey = supplier.s_suppkey) AND (customer.c_nationkey = supplier.s_nationkey))"
"                                ->  Nested Loop  (cost=4477.39..42068.27 rows=2265 width=128)"
"                                      ->  Parallel Hash Join  (cost=4476.96..40310.20 rows=566 width=116)"
"                                            Hash Cond: (orders.o_custkey = customer.c_custkey)"
"                                            ->  Parallel Seq Scan on orders  (cost=0.00..35470.00 rows=96233 width=8)"
"                                                  Filter: ((o_orderdate >= '1994-01-01'::date) AND (o_orderdate < '1995-01-01 00:00:00'::timestamp without time zone))"
"                                            ->  Parallel Hash  (cost=4472.36..4472.36 rows=368 width=116)"
"                                                  ->  Hash Join  (cost=24.31..4472.36 rows=368 width=116)"
"                                                        Hash Cond: (customer.c_nationkey = nation.n_nationkey)"
"                                                        ->  Parallel Seq Scan on customer  (cost=0.00..4210.00 rows=62500 width=8)"
"                                                        ->  Hash  (cost=24.29..24.29 rows=1 width=108)"
"                                                              ->  Hash Join  (cost=12.14..24.29 rows=1 width=108)"
"                                                                    Hash Cond: (nation.n_regionkey = region.r_regionkey)"
"                                                                    ->  Seq Scan on nation  (cost=0.00..11.70 rows=170 width=112)"
"                                                                    ->  Hash  (cost=12.12..12.12 rows=1 width=4)"
"                                                                          ->  Seq Scan on region  (cost=0.00..12.12 rows=1 width=4)"
"                                                                                Filter: (r_name = 'ASIA'::bpchar)"
"                                      ->  Index Scan using lineitem_pkey on lineitem  (cost=0.43..2.95 rows=16 width=20)"
"                                            Index Cond: (l_orderkey = orders.o_orderkey)"
"                                ->  Hash  (cost=322.00..322.00 rows=10000 width=8)"
"                                      ->  Seq Scan on supplier  (cost=0.00..322.00 rows=10000 width=8)"
