"QUERY PLAN"
"Finalize GroupAggregate  (cost=49242.93..49259.80 rows=125 width=272)"
"  Group Key: n1.n_name, n2.n_name, (EXTRACT(Year FROM lineitem.l_shipdate))"
"  ->  Gather Merge  (cost=49242.93..49256.63 rows=104 width=272)"
"        Workers Planned: 2"
"        ->  Partial GroupAggregate  (cost=48242.91..48244.60 rows=52 width=272)"
"              Group Key: n1.n_name, n2.n_name, (EXTRACT(Year FROM lineitem.l_shipdate))"
"              ->  Sort  (cost=48242.91..48243.04 rows=52 width=252)"
"                    Sort Key: n1.n_name, n2.n_name, (EXTRACT(Year FROM lineitem.l_shipdate))"
"                    ->  Hash Join  (cost=4763.31..48241.43 rows=52 width=252)"
"                          Hash Cond: (lineitem.l_suppkey = supplier.s_suppkey)"
"                          Join Filter: (((n1.n_name = 'FRANCE'::bpchar) AND (n2.n_name = 'GERMANY'::bpchar)) OR ((n1.n_name = 'GERMANY'::bpchar) AND (n2.n_name = 'FRANCE'::bpchar)))"
"                          ->  Nested Loop  (cost=4400.35..47843.04 rows=8860 width=124)"
"                                ->  Parallel Hash Join  (cost=4399.92..39119.29 rows=7353 width=108)"
"                                      Hash Cond: (orders.o_custkey = customer.c_custkey)"
"                                      ->  Parallel Seq Scan on orders  (cost=0.00..32345.00 rows=625000 width=8)"
"                                      ->  Parallel Hash  (cost=4390.73..4390.73 rows=735 width=108)"
"                                            ->  Hash Join  (cost=12.58..4390.73 rows=735 width=108)"
"                                                  Hash Cond: (customer.c_nationkey = n2.n_nationkey)"
"                                                  ->  Parallel Seq Scan on customer  (cost=0.00..4210.00 rows=62500 width=8)"
"                                                  ->  Hash  (cost=12.55..12.55 rows=2 width=108)"
"                                                        ->  Seq Scan on nation n2  (cost=0.00..12.55 rows=2 width=108)"
"                                                              Filter: ((n_name = 'GERMANY'::bpchar) OR (n_name = 'FRANCE'::bpchar))"
"                                ->  Index Scan using lineitem_pkey on lineitem  (cost=0.43..1.14 rows=5 width=24)"
"                                      Index Cond: (l_orderkey = orders.o_orderkey)"
"                                      Filter: ((l_shipdate >= '1995-01-01'::date) AND (l_shipdate <= '1996-12-31'::date))"
"                          ->  Hash  (cost=361.48..361.48 rows=118 width=108)"
"                                ->  Hash Join  (cost=12.58..361.48 rows=118 width=108)"
"                                      Hash Cond: (supplier.s_nationkey = n1.n_nationkey)"
"                                      ->  Seq Scan on supplier  (cost=0.00..322.00 rows=10000 width=8)"
"                                      ->  Hash  (cost=12.55..12.55 rows=2 width=108)"
"                                            ->  Seq Scan on nation n1  (cost=0.00..12.55 rows=2 width=108)"
"                                                  Filter: ((n_name = 'FRANCE'::bpchar) OR (n_name = 'GERMANY'::bpchar))"
